[2024-05-20 17:10:03.521]: entering -- org.netbeans.installer.Installer.main():61
[2024-05-20 17:10:03.523]: initializing the installer engine
[2024-05-20 17:10:03.523]:     entering -- org.netbeans.installer.Installer.<init>():96
[2024-05-20 17:10:03.523]:     ... initializing ErrorHandler
[2024-05-20 17:10:03.523]:     ... end of ErrorHandler initialization
[2024-05-20 17:10:03.523]:     exiting -- org.netbeans.installer.Installer.<init>():96
[2024-05-20 17:10:03.523]:     entering -- org.netbeans.installer.Installer.<init>():97
[2024-05-20 17:10:03.523]:     dumping target system information
[2024-05-20 17:10:03.523]:         system properties:
[2024-05-20 17:10:03.523]:             file.encoding => UTF-8
[2024-05-20 17:10:03.523]:             file.separator => \
[2024-05-20 17:10:03.523]:             java.class.path => C:\Users\DELL\AppData\Local\Temp\\NBI18728.tmp\uninstall.jar
[2024-05-20 17:10:03.523]:             java.class.version => 65.0
[2024-05-20 17:10:03.523]:             java.home => C:\Program Files\Java\jdk-21
[2024-05-20 17:10:03.523]:             java.io.tmpdir => C:\Users\DELL\AppData\Local\Temp\
[2024-05-20 17:10:03.523]:             java.library.path => C:\Program Files\Java\jdk-21\bin;C:\WINDOWS\Sun\Java\bin;C:\WINDOWS\system32;C:\WINDOWS;C:\Program Files\Common Files\Oracle\Java\javapath;G:\app\DELL\product\11.1.0\db_1\bin;C:\oraclexe\app\oracle\product\11.2.0\server\bin;C:\WINDOWS\system32;C:\WINDOWS;C:\WINDOWS\System32\Wbem;C:\WINDOWS\System32\WindowsPowerShell\v1.0\;C:\WINDOWS\System32\OpenSSH\;C:\Program Files\Java\jdk-21\bin;C:\Program Files\Git\cmd;C:\Users\DELL\AppData\Local\Microsoft\WindowsApps;C:\Users\DELL\AppData\Local\GitHubDesktop\bin;C:\Users\DELL\AppData\Local\Programs\Microsoft VS Code\bin;.
[2024-05-20 17:10:03.523]:             java.runtime.name => Java(TM) SE Runtime Environment
[2024-05-20 17:10:03.523]:             java.runtime.version => 21.0.2+13-LTS-58
[2024-05-20 17:10:03.523]:             java.specification.name => Java Platform API Specification
[2024-05-20 17:10:03.523]:             java.specification.vendor => Oracle Corporation
[2024-05-20 17:10:03.523]:             java.specification.version => 21
[2024-05-20 17:10:03.523]:             java.vendor => Oracle Corporation
[2024-05-20 17:10:03.523]:             java.vendor.url => https://java.oracle.com/
[2024-05-20 17:10:03.523]:             java.vendor.url.bug => https://bugreport.java.com/bugreport/
[2024-05-20 17:10:03.523]:             java.version => 21.0.2
[2024-05-20 17:10:03.523]:             java.version.date => 2024-01-16
[2024-05-20 17:10:03.523]:             java.vm.compressedOopsMode => 32-bit
[2024-05-20 17:10:03.523]:             java.vm.info => mixed mode, sharing
[2024-05-20 17:10:03.523]:             java.vm.name => Java HotSpot(TM) 64-Bit Server VM
[2024-05-20 17:10:03.523]:             java.vm.specification.name => Java Virtual Machine Specification
[2024-05-20 17:10:03.523]:             java.vm.specification.vendor => Oracle Corporation
[2024-05-20 17:10:03.523]:             java.vm.specification.version => 21
[2024-05-20 17:10:03.523]:             java.vm.vendor => Oracle Corporation
[2024-05-20 17:10:03.523]:             java.vm.version => 21.0.2+13-LTS-58
[2024-05-20 17:10:03.523]:             jdk.debug => release
[2024-05-20 17:10:03.523]:             line.separator => 
[2024-05-20 17:10:03.523]:             native.encoding => Cp1252
[2024-05-20 17:10:03.523]:             netbeans.default_cachedir_root => C:\Users\DELL\AppData\Local\NetBeans\Cache
[2024-05-20 17:10:03.523]:             netbeans.default_userdir_root => C:\Users\DELL\AppData\Roaming\NetBeans
[2024-05-20 17:10:03.523]:             os.arch => amd64
[2024-05-20 17:10:03.523]:             os.name => Windows 11
[2024-05-20 17:10:03.523]:             os.version => 10.0
[2024-05-20 17:10:03.523]:             path.separator => ;
[2024-05-20 17:10:03.523]:             stderr.encoding => Cp1252
[2024-05-20 17:10:03.523]:             stdout.encoding => Cp1252
[2024-05-20 17:10:03.523]:             sun.arch.data.model => 64
[2024-05-20 17:10:03.523]:             sun.boot.library.path => C:\Program Files\Java\jdk-21\bin
[2024-05-20 17:10:03.523]:             sun.cpu.endian => little
[2024-05-20 17:10:03.523]:             sun.cpu.isalist => amd64
[2024-05-20 17:10:03.523]:             sun.io.unicode.encoding => UnicodeLittle
[2024-05-20 17:10:03.523]:             sun.java.command => org.netbeans.installer.Installer --target nb-all 21.0.0.240215.0 --force-uninstall
[2024-05-20 17:10:03.523]:             sun.java.launcher => SUN_STANDARD
[2024-05-20 17:10:03.523]:             sun.jnu.encoding => Cp1252
[2024-05-20 17:10:03.523]:             sun.management.compiler => HotSpot 64-Bit Tiered Compilers
[2024-05-20 17:10:03.523]:             sun.os.patch.level => 
[2024-05-20 17:10:03.523]:             user.country => US
[2024-05-20 17:10:03.523]:             user.dir => C:\Windows\ImmersiveControlPanel
[2024-05-20 17:10:03.523]:             user.home => C:\Users\DELL
[2024-05-20 17:10:03.523]:             user.language => en
[2024-05-20 17:10:03.523]:             user.name => DELL
[2024-05-20 17:10:03.523]:             user.script => 
[2024-05-20 17:10:03.523]:             user.timezone => Asia/Calcutta
[2024-05-20 17:10:03.523]:             user.variant => 
[2024-05-20 17:10:03.523]:     ... end of target system information
[2024-05-20 17:10:03.523]:     exiting -- org.netbeans.installer.Installer.<init>():97
[2024-05-20 17:10:03.548]:     loading jni library
[2024-05-20 17:10:03.548]:         library resource path: native/jnilib/windows/windows-x64.dll
[2024-05-20 17:10:03.599]:         library file path: C:\Users\DELL\AppData\Local\Temp\nbi-13688845191315892500.tmp
[2024-05-20 17:10:03.604]:         ... successfully loaded the library
[2024-05-20 17:10:03.604]:     entering -- org.netbeans.installer.Installer.<init>():102
[2024-05-20 17:10:03.604]:     parsing command-line arguments
[2024-05-20 17:10:03.607]:         ... parsing arguments : [--target], [nb-all], [21.0.0.240215.0], [--force-uninstall]
[2024-05-20 17:10:03.613]:         parsing command line parameter "--target"
[2024-05-20 17:10:03.613]:             target component:
[2024-05-20 17:10:03.613]:             ... uid:     nb-all
[2024-05-20 17:10:03.613]:             ... version: 21.0.0.240215.0
[2024-05-20 17:10:03.613]:         parsing command line parameter "--force-uninstall"
[2024-05-20 17:10:03.613]:     ... finished parsing command line arguments
[2024-05-20 17:10:03.613]:     exiting -- org.netbeans.installer.Installer.<init>():102
[2024-05-20 17:10:03.613]:     entering -- org.netbeans.installer.Installer.<init>():103
[2024-05-20 17:10:03.613]:     loading engine properties
[2024-05-20 17:10:03.613]:         loading engine properties
[2024-05-20 17:10:03.613]:             loading nbi.wizard.ui.swing.frame.width.default => 600
[2024-05-20 17:10:03.613]:             loading nbi.wizard.ui.swing.frame.width.gtk => 704
[2024-05-20 17:10:03.613]:             loading nbi.wizard.ui.swing.frame.head.right.image => resource:org/netbeans/installer/wizard/wizard-description-background.png
[2024-05-20 17:10:03.613]:             loading nbi.wizard.ui.swing.frame.minimum.width.nimbus => 624
[2024-05-20 17:10:03.613]:             loading nbi.wizard.ui.swing.frame.minimum.height.win.xp => 450
[2024-05-20 17:10:03.613]:             loading nbi.wizard.ui.swing.frame.minimum.height.nimbus => 512
[2024-05-20 17:10:03.613]:             loading nbi.wizard.ui.swing.frame.title.prefix => Apache NetBeans IDE Installer
[2024-05-20 17:10:03.613]:             loading nbi.wizard.ui.swing.frame.width.nimbus => 624
[2024-05-20 17:10:03.613]:             loading nbi.wizard.ui.swing.frame.width.win.xp => 600
[2024-05-20 17:10:03.613]:             loading nbi.overall.license.jdk5.resource => org/netbeans/installer/product/components/netbeans-license-jdk5.txt
[2024-05-20 17:10:03.613]:             loading nbi.wizard.ui.swing.frame.minimum.height.win.classic => 442
[2024-05-20 17:10:03.613]:             loading nbi.overall.license.jtb.resource => org/netbeans/installer/product/components/netbeans-license-jtb.txt
[2024-05-20 17:10:03.613]:             loading nbi.wizard.ui.swing.frame.height.motif => 470
[2024-05-20 17:10:03.613]:             loading nbi.wizard.ui.swing.frame.minimum.width.default => 600
[2024-05-20 17:10:03.613]:             loading nbi.wizard.ui.swing.frame.height.aqua => 480
[2024-05-20 17:10:03.613]:             loading nbi.wizard.ui.swing.frame.minimum.width.win.xp => 600
[2024-05-20 17:10:03.613]:             loading nbi.overall.license.jdk6.resource => org/netbeans/installer/product/components/netbeans-license-jdk6.txt
[2024-05-20 17:10:03.613]:             loading nbi.wizard.ui.swing.frame.minimum.height.aqua => 480
[2024-05-20 17:10:03.613]:             loading nbi.wizard.ui.swing.frame.minimum.height.default => 500
[2024-05-20 17:10:03.613]:             loading nbi.overall.license.mysql.resource => org/netbeans/installer/product/components/netbeans-license-mysql.txt
[2024-05-20 17:10:03.613]:             loading nbi.product.suggest.install => true
[2024-05-20 17:10:03.613]:             loading nbi.wizard.ui.swing.frame.icon => resource:org/netbeans/installer/wizard/wizard-icon.png
[2024-05-20 17:10:03.613]:             loading nbi.wizard.ui.swing.frame.width.aqua => 640
[2024-05-20 17:10:03.613]:             loading nbi.wizard.ui.swing.frame.minimum.height.motif => 470
[2024-05-20 17:10:03.613]:             loading nbi.wizard.ui.swing.frame.minimum.height.gtk => 528
[2024-05-20 17:10:03.613]:             loading nbi.product.remove.corrupted.products.silently => true
[2024-05-20 17:10:03.613]:             loading nbi.wizard.ui.swing.frame.width.motif => 624
[2024-05-20 17:10:03.613]:             loading nbi.wizard.ui.swing.frame.minimum.width.win.classic => 588
[2024-05-20 17:10:03.613]:             loading nbi.wizard.ui.swing.welcome.left.bottom.image => resource:org/netbeans/installer/wizard/components/panels/netbeans/resources/welcome-left-bottom.png
[2024-05-20 17:10:03.613]:             loading nbi.macosx.application.directory.name => NetBeans IDE Installer
[2024-05-20 17:10:03.613]:             loading nbi.overall.license.resource => org/netbeans/installer/product/components/netbeans-license.txt
[2024-05-20 17:10:03.613]:             loading nbi.wizard.ui.swing.frame.height.gtk => 528
[2024-05-20 17:10:03.613]:             loading nbi.wizard.ui.swing.frame.minimum.width.metal => 624
[2024-05-20 17:10:03.613]:             loading nbi.wizard.ui.swing.frame.minimum.width.motif => 624
[2024-05-20 17:10:03.613]:             loading nbi.wizard.ui.swing.frame.height.metal => 470
[2024-05-20 17:10:03.613]:             loading nbi.wizard.ui.swing.frame.minimum.width.gtk => 704
[2024-05-20 17:10:03.613]:             loading nbi.junit.license.resource => org/netbeans/installer/product/components/junit-license.txt
[2024-05-20 17:10:03.613]:             loading nbi.wizard.ui.swing.frame.width.metal => 624
[2024-05-20 17:10:03.613]:             loading nbi.wizard.ui.swing.frame.height.default => 500
[2024-05-20 17:10:03.613]:             loading nbi.wizard.ui.swing.frame.height.win.classic => 442
[2024-05-20 17:10:03.613]:             loading nbi.wizard.ui.swing.frame.height.win.xp => 450
[2024-05-20 17:10:03.613]:             loading nbi.wizard.ui.swing.frame.height.nimbus => 512
[2024-05-20 17:10:03.613]:             loading nbi.overall.license.javafx.resource => org/netbeans/installer/product/components/netbeans-license-javafx.txt
[2024-05-20 17:10:03.613]:             loading nbi.wizard.ui.swing.frame.title.pattern => {0}
[2024-05-20 17:10:03.613]:             loading nbi.wizard.ui.swing.frame.width.win.classic => 588
[2024-05-20 17:10:03.613]:             loading nbi.wizard.ui.swing.frame.minimum.height.metal => 470
[2024-05-20 17:10:03.613]:             loading nbi.wizard.ui.swing.frame.minimum.width.aqua => 640
[2024-05-20 17:10:03.613]:     ... finished loading engine properties
[2024-05-20 17:10:03.617]:     exiting -- org.netbeans.installer.Installer.<init>():103
[2024-05-20 17:10:03.617]:     initializing the local directory
[2024-05-20 17:10:03.617]:         ... custom local directory was not specified, using the default
[2024-05-20 17:10:03.617]:         ... local directory: C:\Users\DELL\.nbi
[2024-05-20 17:10:03.617]:     ... finished initializing local directory
[2024-05-20 17:10:03.664]:     entering -- org.netbeans.installer.Installer.<init>():109
[2024-05-20 17:10:03.664]:     ... initializing DownloadManager
[2024-05-20 17:10:03.667]:         file not exist, queue is empty!
[2024-05-20 17:10:03.673]:     ... end of initializing DownloadManager
[2024-05-20 17:10:03.673]:     exiting -- org.netbeans.installer.Installer.<init>():109
[2024-05-20 17:10:03.673]:     entering -- org.netbeans.installer.Installer.<init>():110
[2024-05-20 17:10:03.680]:     ... initializing Registry
[2024-05-20 17:10:03.691]:     ... end of initializing ErrorHandler
[2024-05-20 17:10:03.691]:     exiting -- org.netbeans.installer.Installer.<init>():110
[2024-05-20 17:10:03.691]:     entering -- org.netbeans.installer.Installer.<init>():111
[2024-05-20 17:10:03.691]:     ... initializing Wizard
[2024-05-20 17:10:03.792]:         ... loading registry from resource:data/registry.xml
[2024-05-20 17:10:03.822]:         entering -- org.netbeans.installer.product.Registry.loadProductRegistry():982
[2024-05-20 17:10:03.822]:         validating previous installations
[2024-05-20 17:10:03.823]:         ... validating installations finished
[2024-05-20 17:10:03.823]:         exiting -- org.netbeans.installer.product.Registry.loadProductRegistry():982
[2024-05-20 17:10:03.828]:         Can`t load message in bundle org.netbeans.installer.wizard.components.panels.netbeans.Bundle for key NPrISP.installation.folders using [jdk.internal.loader.ClassLoaders$AppClassLoader@70dea4e] classloader
[2024-05-20 17:10:03.844]:     ... end of initializing Wizard
[2024-05-20 17:10:03.844]:     exiting -- org.netbeans.installer.Installer.<init>():111
[2024-05-20 17:10:03.844]:     creating lock file
[2024-05-20 17:10:03.844]:         ... created lock file: C:\Users\DELL\.nbi\.nbilock
[2024-05-20 17:10:03.844]:     finished creating lock file
[2024-05-20 17:10:03.844]: ... finished initializing the engine
[2024-05-20 17:10:03.844]: exiting -- org.netbeans.installer.Installer.main():61
[2024-05-20 17:10:03.844]: entering -- org.netbeans.installer.Installer.main():61
[2024-05-20 17:10:03.844]: starting the installer
[2024-05-20 17:10:03.844]:     ... initializing look and feel
[2024-05-20 17:10:03.844]:         ... custom look and feel class name was not specified, using system default
[2024-05-20 17:10:03.905]:         ... class name: com.sun.java.swing.plaf.windows.WindowsLookAndFeel
[2024-05-20 17:10:03.905]:         ... get installed L&Fs
[2024-05-20 17:10:03.934]:         ... set specified L&F
[2024-05-20 17:10:03.951]:         ... check headless
[2024-05-20 17:10:03.951]:         ... creating JFileChooser object to check possible issues with UI
[2024-05-20 17:10:04.306]:         ... getting default Toolkit to check possible issues with UI
[2024-05-20 17:10:04.306]:         ... creating JProgressBar object to check possible issues with UI
[2024-05-20 17:10:04.306]:         ... all UI checks done
[2024-05-20 17:10:04.306]:         ... L&F is set
[2024-05-20 17:10:04.306]:     ... initializing L&F finished
[2024-05-20 17:10:04.415]:     NameResolver - to parse &Help!
[2024-05-20 17:10:04.419]:     NameResolver - to parse < &Back
[2024-05-20 17:10:04.420]:     NameResolver - to parse &Next >
[2024-05-20 17:10:04.420]:     NameResolver - to parse Cancel
[2024-05-20 17:10:04.423]:     NameResolver - to parse Configuring the Installer...
[2024-05-20 17:10:04.423]:     NameResolver - to parse Configuring the Installer...
[2024-05-20 17:10:04.425]:     NameResolver - to parse Configuring the Installer...
[2024-05-20 17:10:04.427]:     NameResolver - to parse Configuring the Installer...
[2024-05-20 17:10:04.427]:     NameResolver - to parse Please wait while Apache NetBeans IDE installer initializes
[2024-05-20 17:10:04.444]:     NameResolver - to parse Configuring the Installer...
[2024-05-20 17:10:04.445]:     NameResolver - to parse Please wait while Apache NetBeans IDE installer initializes
[2024-05-20 17:10:04.445]: ... finished starting the installer
[2024-05-20 17:10:04.445]: exiting -- org.netbeans.installer.Installer.main():61
[2024-05-20 17:10:04.445]: NameResolver - to parse Configuring the Installer...
[2024-05-20 17:10:04.445]: entering -- org.netbeans.installer.wizard.components.actions.InitializeRegistryAction.execute():53
[2024-05-20 17:10:04.445]: initializing product registry
[2024-05-20 17:10:04.445]:     entering -- org.netbeans.installer.product.Registry.initializeRegistry():171
[2024-05-20 17:10:04.445]:     initializing product registry properties
[2024-05-20 17:10:04.445]:         initializing local product cache directory
[2024-05-20 17:10:04.445]:         ... C:\Users\DELL\.nbi\product-cache
[2024-05-20 17:10:04.445]:         initializing local product registry file
[2024-05-20 17:10:04.445]:             ... C:\Users\DELL\.nbi\registry.xml
[2024-05-20 17:10:04.445]:             initializing local product registry stub uri
[2024-05-20 17:10:04.445]:             ... resource:org/netbeans/installer/product/default-registry.xml
[2024-05-20 17:10:04.445]:             initializing bundled product registry uri
[2024-05-20 17:10:04.445]:             ... resource:data/registry.xml
[2024-05-20 17:10:04.445]:             initializing product registry schema uri
[2024-05-20 17:10:04.445]:             ... resource:org/netbeans/installer/product/registry.xsd
[2024-05-20 17:10:04.445]:             initializing remote product registries uris
[2024-05-20 17:10:04.445]:             initializing state file schema uri
[2024-05-20 17:10:04.445]:             ... resource:org/netbeans/installer/product/state-file.xsd
[2024-05-20 17:10:04.445]:             initializing default state file uri
[2024-05-20 17:10:04.445]:             ... resource:org/netbeans/installer/product/default-state-file.xml
[2024-05-20 17:10:04.445]:             initializing target platform
[2024-05-20 17:10:04.445]:             ... windows-x64
[2024-05-20 17:10:04.445]:     initializing product registry properties
[2024-05-20 17:10:04.445]:     exiting -- org.netbeans.installer.product.Registry.initializeRegistry():171
[2024-05-20 17:10:04.458]:     ... loading registry from file:/C:/Users/DELL/.nbi/registry.xml
[2024-05-20 17:10:04.507]:     entering -- org.netbeans.installer.product.Registry.loadProductRegistry():982
[2024-05-20 17:10:04.507]:     validating previous installations
[2024-05-20 17:10:04.542]:         NameResolver - to parse C:\Program Files\NetBeans-21
[2024-05-20 17:10:04.546]:         NameResolver - to parse C:\Program Files\NetBeans-21
[2024-05-20 17:10:04.548]:         NameResolver - to parse C:\Program Files\NetBeans-21
[2024-05-20 17:10:04.557]:         NameResolver - to parse C:\Program Files\NetBeans-21
[2024-05-20 17:10:04.560]:         NameResolver - to parse C:\Program Files\NetBeans-21
[2024-05-20 17:10:04.561]:         NameResolver - to parse C:\Program Files\NetBeans-21
[2024-05-20 17:10:04.561]:     ... validating installations finished
[2024-05-20 17:10:04.561]:     exiting -- org.netbeans.installer.product.Registry.loadProductRegistry():982
[2024-05-20 17:10:04.561]:     ... loading registry from resource:data/registry.xml
[2024-05-20 17:10:04.575]:     entering -- org.netbeans.installer.product.Registry.loadProductRegistry():982
[2024-05-20 17:10:04.575]:     validating previous installations
[2024-05-20 17:10:04.575]:         NameResolver - to parse C:\Program Files\NetBeans-21
[2024-05-20 17:10:04.575]:         NameResolver - to parse C:\Program Files\NetBeans-21
[2024-05-20 17:10:04.576]:         NameResolver - to parse C:\Program Files\NetBeans-21
[2024-05-20 17:10:04.577]:         NameResolver - to parse C:\Program Files\NetBeans-21
[2024-05-20 17:10:04.577]:         NameResolver - to parse C:\Program Files\NetBeans-21
[2024-05-20 17:10:04.577]:         NameResolver - to parse C:\Program Files\NetBeans-21
[2024-05-20 17:10:04.580]:     ... validating installations finished
[2024-05-20 17:10:04.580]:     exiting -- org.netbeans.installer.product.Registry.loadProductRegistry():982
[2024-05-20 17:10:04.583]: ... product registry initialization complete
[2024-05-20 17:10:04.583]: exiting -- org.netbeans.installer.wizard.components.actions.InitializeRegistryAction.execute():53
[2024-05-20 17:10:04.595]: NameResolver - to parse C:\Program Files\NetBeans-21
[2024-05-20 17:10:04.617]: NameResolver - to parse &Help!
[2024-05-20 17:10:04.617]: NameResolver - to parse < &Back
[2024-05-20 17:10:04.620]: NameResolver - to parse &Uninstall
[2024-05-20 17:10:04.620]: NameResolver - to parse Cancel
[2024-05-20 17:10:04.620]: NameResolver - to parse &Uninstall
[2024-05-20 17:10:04.620]: NameResolver - to parse The following components will be uninstalled:
[2024-05-20 17:10:04.620]: NameResolver - to parse Total Installation Size:
[2024-05-20 17:10:04.620]: NameResolver - to parse Total Download Size:
[2024-05-20 17:10:04.672]: Roots : C:\, D:\, E:\, F:\, G:\
[2024-05-20 17:10:04.673]: NameResolver - to parse C:\Program Files\NetBeans-21
[2024-05-20 17:10:04.674]: NameResolver - to parse C:\Program Files\NetBeans-21
[2024-05-20 17:10:04.685]: NameResolver - to parse C:\Program Files\NetBeans-21
[2024-05-20 17:10:04.686]: NameResolver - to parse C:\Program Files\NetBeans-21
[2024-05-20 17:10:04.686]: NameResolver - to parse C:\Program Files\NetBeans-21
[2024-05-20 17:10:04.687]: NameResolver - to parse C:\Program Files\NetBeans-21
[2024-05-20 17:10:04.688]: NameResolver - to parse Summary
[2024-05-20 17:10:04.688]: NameResolver - to parse Summary
[2024-05-20 17:10:04.688]: Roots : C:\, D:\, E:\, F:\, G:\
[2024-05-20 17:10:04.688]: NameResolver - to parse Summary
[2024-05-20 17:10:04.688]: NameResolver - to parse Summary
[2024-05-20 17:10:04.688]: NameResolver - to parse Click Uninstall to start the uninstallation.
[2024-05-20 17:10:04.690]: NameResolver - to parse C:\Program Files\NetBeans-21
[2024-05-20 17:10:04.692]: NameResolver - to parse C:\Program Files\NetBeans-21
[2024-05-20 17:10:04.692]: NameResolver - to parse C:\Program Files\NetBeans-21
[2024-05-20 17:10:04.692]: NameResolver - to parse C:\Program Files\NetBeans-21
[2024-05-20 17:10:04.695]: NameResolver - to parse C:\Program Files\NetBeans-21
[2024-05-20 17:10:04.695]: NameResolver - to parse C:\Program Files\NetBeans-21
[2024-05-20 17:10:04.709]: NameResolver - to parse Summary
[2024-05-20 17:10:04.709]: NameResolver - to parse Click Uninstall to start the uninstallation.
[2024-05-20 17:10:06.706]: Roots : C:\, D:\, E:\, F:\, G:\
[2024-05-20 17:10:06.707]: NameResolver - to parse C:\Program Files\NetBeans-21
[2024-05-20 17:10:06.707]: NameResolver - to parse C:\Program Files\NetBeans-21
[2024-05-20 17:10:06.707]: NameResolver - to parse C:\Program Files\NetBeans-21
[2024-05-20 17:10:06.707]: NameResolver - to parse C:\Program Files\NetBeans-21
[2024-05-20 17:10:06.707]: NameResolver - to parse C:\Program Files\NetBeans-21
[2024-05-20 17:10:06.707]: NameResolver - to parse C:\Program Files\NetBeans-21
[2024-05-20 17:10:08.722]: Roots : C:\, D:\, E:\, F:\, G:\
[2024-05-20 17:10:08.722]: NameResolver - to parse C:\Program Files\NetBeans-21
[2024-05-20 17:10:08.722]: NameResolver - to parse C:\Program Files\NetBeans-21
[2024-05-20 17:10:08.722]: NameResolver - to parse C:\Program Files\NetBeans-21
[2024-05-20 17:10:08.722]: NameResolver - to parse C:\Program Files\NetBeans-21
[2024-05-20 17:10:08.722]: NameResolver - to parse C:\Program Files\NetBeans-21
[2024-05-20 17:10:08.722]: NameResolver - to parse C:\Program Files\NetBeans-21
[2024-05-20 17:10:10.734]: Roots : C:\, D:\, E:\, F:\, G:\
[2024-05-20 17:10:10.734]: NameResolver - to parse C:\Program Files\NetBeans-21
[2024-05-20 17:10:10.734]: NameResolver - to parse C:\Program Files\NetBeans-21
[2024-05-20 17:10:10.734]: NameResolver - to parse C:\Program Files\NetBeans-21
[2024-05-20 17:10:10.734]: NameResolver - to parse C:\Program Files\NetBeans-21
[2024-05-20 17:10:10.734]: NameResolver - to parse C:\Program Files\NetBeans-21
[2024-05-20 17:10:10.734]: NameResolver - to parse C:\Program Files\NetBeans-21
[2024-05-20 17:10:12.742]: Roots : C:\, D:\, E:\, F:\, G:\
[2024-05-20 17:10:12.742]: NameResolver - to parse C:\Program Files\NetBeans-21
[2024-05-20 17:10:12.742]: NameResolver - to parse C:\Program Files\NetBeans-21
[2024-05-20 17:10:12.742]: NameResolver - to parse C:\Program Files\NetBeans-21
[2024-05-20 17:10:12.742]: NameResolver - to parse C:\Program Files\NetBeans-21
[2024-05-20 17:10:12.742]: NameResolver - to parse C:\Program Files\NetBeans-21
[2024-05-20 17:10:12.742]: NameResolver - to parse C:\Program Files\NetBeans-21
[2024-05-20 17:10:14.754]: Roots : C:\, D:\, E:\, F:\, G:\
[2024-05-20 17:10:14.754]: NameResolver - to parse C:\Program Files\NetBeans-21
[2024-05-20 17:10:14.754]: NameResolver - to parse C:\Program Files\NetBeans-21
[2024-05-20 17:10:14.754]: NameResolver - to parse C:\Program Files\NetBeans-21
[2024-05-20 17:10:14.754]: NameResolver - to parse C:\Program Files\NetBeans-21
[2024-05-20 17:10:14.754]: NameResolver - to parse C:\Program Files\NetBeans-21
[2024-05-20 17:10:14.754]: NameResolver - to parse C:\Program Files\NetBeans-21
[2024-05-20 17:10:16.765]: Roots : C:\, D:\, E:\, F:\, G:\
[2024-05-20 17:10:16.765]: NameResolver - to parse C:\Program Files\NetBeans-21
[2024-05-20 17:10:16.765]: NameResolver - to parse C:\Program Files\NetBeans-21
[2024-05-20 17:10:16.765]: NameResolver - to parse C:\Program Files\NetBeans-21
[2024-05-20 17:10:16.765]: NameResolver - to parse C:\Program Files\NetBeans-21
[2024-05-20 17:10:16.765]: NameResolver - to parse C:\Program Files\NetBeans-21
[2024-05-20 17:10:16.765]: NameResolver - to parse C:\Program Files\NetBeans-21
[2024-05-20 17:10:18.178]: Roots : C:\, D:\, E:\, F:\, G:\
[2024-05-20 17:10:18.178]: NameResolver - to parse C:\Program Files\NetBeans-21
[2024-05-20 17:10:18.178]: NameResolver - to parse C:\Program Files\NetBeans-21
[2024-05-20 17:10:18.178]: NameResolver - to parse C:\Program Files\NetBeans-21
[2024-05-20 17:10:18.178]: NameResolver - to parse C:\Program Files\NetBeans-21
[2024-05-20 17:10:18.178]: NameResolver - to parse C:\Program Files\NetBeans-21
[2024-05-20 17:10:18.178]: NameResolver - to parse C:\Program Files\NetBeans-21
[2024-05-20 17:10:18.178]: NameResolver - to parse &Help!
[2024-05-20 17:10:18.178]: NameResolver - to parse < &Back
[2024-05-20 17:10:18.178]: NameResolver - to parse &Next >
[2024-05-20 17:10:18.178]: NameResolver - to parse Cancel
[2024-05-20 17:10:18.194]: NameResolver - to parse Uninstalling...
[2024-05-20 17:10:18.194]: NameResolver - to parse Uninstalling...
[2024-05-20 17:10:18.194]: NameResolver - to parse Uninstalling...
[2024-05-20 17:10:18.194]: NameResolver - to parse Uninstalling...
[2024-05-20 17:10:18.194]: NameResolver - to parse Please wait while the wizard uninstalls the selected components.
[2024-05-20 17:10:18.194]: NameResolver - to parse Uninstalling...
[2024-05-20 17:10:18.194]: NameResolver - to parse Please wait while the wizard uninstalls the selected components.
[2024-05-20 17:10:18.194]: Start products uninstallation
[2024-05-20 17:10:18.194]:     NameResolver - to parse Uninstalling {0}
[2024-05-20 17:10:18.194]:     Start uninstallation of Java EE(nb-javaee/21.0.0.240215.0)
[2024-05-20 17:10:18.237]:         ... running uninstallation logic
[2024-05-20 17:10:18.237]:         NameResolver - to parse C:\Program Files\NetBeans-21
[2024-05-20 17:10:18.241]:         System.getProperty(netbeans.default_userdir_root): C:\Users\DELL\AppData\Roaming\NetBeans
[2024-05-20 17:10:18.242]:         System.getProperty(netbeans.default_userdir_root): C:\Users\DELL\AppData\Roaming\NetBeans
[2024-05-20 17:10:18.242]:         It appears that the following instance of the NetBeans IDE is still running:
[2024-05-20 17:10:18.242]:         C:\Program Files\NetBeans-21
[2024-05-20 17:10:18.242]:         A lock file exists at 
[2024-05-20 17:10:18.242]:         C:\Users\DELL\AppData\Roaming\NetBeans\21\lock
[2024-05-20 17:10:18.242]:         Please close this NetBeans IDE prior to continuing with uninstallation.
[2024-05-20 17:10:18.242]:         ... show message dialog
[2024-05-20 17:10:18.242]:             title: Critical Error
[2024-05-20 17:10:18.242]:             message: It appears that the following instance of the NetBeans IDE is still running:
[2024-05-20 17:10:18.242]:             C:\Program Files\NetBeans-21
[2024-05-20 17:10:18.242]:             A lock file exists at 
[2024-05-20 17:10:18.242]:             C:\Users\DELL\AppData\Roaming\NetBeans\21\lock
[2024-05-20 17:10:18.242]:             Please close this NetBeans IDE prior to continuing with uninstallation.
[2024-05-20 17:10:18.242]:             
[2024-05-20 17:10:18.242]:             You can get more details about the issue in the installer log file:
[2024-05-20 17:10:18.242]:              C:\Users\DELL\.nbi\log\20240520171003.log
[2024-05-20 17:10:29.671]:         ... dialog closed
